<?xml version="1.0" encoding="UTF-8"?>
<!-- Generated by org.testng.reporters.JUnitReportReporter -->
<testsuite hostname="LAPTOP-HGI4OM99" failures="0" tests="1" name="testcases.Letskodit" time="11.936" errors="0" timestamp="2022-05-03T10:10:43 IST" skipped="0">
  <testcase classname="testcases.Letskodit" name="makemytrip" time="11.936"/>
  <system-out/>
</testsuite> <!-- testcases.Letskodit -->
