<?xml version="1.0" encoding="UTF-8"?>
<!-- Generated by org.testng.reporters.JUnitReportReporter -->
<testsuite hostname="LAPTOP-HGI4OM99" failures="0" tests="1" name="testcases.Makemytrip" time="13.431" errors="0" timestamp="2022-05-03T10:10:43 IST" skipped="0">
  <testcase classname="testcases.Makemytrip" name="makemytrip" time="13.431"/>
  <system-out/>
</testsuite> <!-- testcases.Makemytrip -->
